#
# There is insufficient memory for the Java Runtime Environment to continue.
# Native memory allocation (mmap) failed to map 268435456 bytes for Failed to commit area from 0x0000000700c00000 to 0x0000000710c00000 of length 268435456.
# Possible reasons:
#   The system is out of physical RAM or swap space
#   The process is running with CompressedOops enabled, and the Java Heap may be blocking the growth of the native heap
# Possible solutions:
#   Reduce memory load on the system
#   Increase physical memory or swap space
#   Check if swap backing store is full
#   Decrease Java heap size (-Xmx/-Xms)
#   Decrease number of Java threads
#   Decrease Java thread stack sizes (-Xss)
#   Set larger code cache with -XX:ReservedCodeCacheSize=
# This output file may be truncated or incomplete.
#
#  Out of Memory Error (./src/hotspot/os/windows/os_windows.cpp:3301), pid=15876, tid=6964
#
# JRE version:  (11.0.10) (build )
# Java VM: OpenJDK 64-Bit Server VM (11.0.10+0-b96-7249189, mixed mode, sharing, tiered, compressed oops, g1 gc, windows-amd64)
# No core dump will be written. Minidumps are not enabled by default on client versions of Windows
#

---------------  S U M M A R Y ------------

Command Line: org.jetbrains.kotlin.cli.jvm.K2JVMCompiler @G:\AndroidStudioProjects\MyBehavior\app\build\20220102_10099676007124920713.compiler.options

Host: AMD Ryzen 5 3600 6-Core Processor              , 12 cores, 15G,  Windows 10 , 64 bit Build 18362 (10.0.18362.329)
Time: Sun Jan  2 18:09:13 2022 ?D1®≤°¿®∫°¡?®∫°¿?? elapsed time: 0.015288 seconds (0d 0h 0m 0s)

---------------  T H R E A D  ---------------

Current thread (0x00000254deade800):  JavaThread "Unknown thread" [_thread_in_vm, id=6964, stack(0x000000cc94f00000,0x000000cc95000000)]

Stack: [0x000000cc94f00000,0x000000cc95000000]
Native frames: (J=compiled Java code, j=interpreted, Vv=VM code, C=native code)
V  [jvm.dll+0x5ecfaa]
V  [jvm.dll+0x722bd5]
V  [jvm.dll+0x72412d]
V  [jvm.dll+0x7247e3]
V  [jvm.dll+0x242928]
V  [jvm.dll+0x5ea374]
V  [jvm.dll+0x5df425]
V  [jvm.dll+0x2fdebb]
V  [jvm.dll+0x2fde2a]
V  [jvm.dll+0x2fdd02]
V  [jvm.dll+0x302bf6]
V  [jvm.dll+0x34b2a3]
V  [jvm.dll+0x34b9a6]
V  [jvm.dll+0x34b3a3]
V  [jvm.dll+0x2d8888]
V  [jvm.dll+0x2d9a37]
V  [jvm.dll+0x701737]
V  [jvm.dll+0x702f2c]
V  [jvm.dll+0x3587d9]
V  [jvm.dll+0x6e4fae]
V  [jvm.dll+0x3c0be3]
V  [jvm.dll+0x3c2e91]
C  [jli.dll+0x5373]
C  [ucrtbase.dll+0x20e72]
C  [KERNEL32.DLL+0x17bd4]
C  [ntdll.dll+0x6ced1]


---------------  P R O C E S S  ---------------

Threads class SMR info:
_java_thread_list=0x00000254de9c6220, length=0, elements={
}

Java Threads: ( => current thread )

Other Threads:
  0x00000254deaf5800 GCTaskThread "GC Thread#0" [stack: 0x000000cc95000000,0x000000cc95100000] [id=22504]
  0x00000254deb58800 ConcurrentGCThread "G1 Main Marker" [stack: 0x000000cc95100000,0x000000cc95200000] [id=13484]
  0x00000254deb5a800 ConcurrentGCThread "G1 Conc#0" [stack: 0x000000cc95200000,0x000000cc95300000] [id=11672]

[error occurred during error reporting (printing all threads), id 0xc0000005, EXCEPTION_ACCESS_VIOLATION (0xc0000005) at pc=0x00007ffa256f9107]

VM state:not at safepoint (not fully initialized)

VM Mutex/Monitor currently owned by a thread:  ([mutex/lock_event])
[0x00000254deadc930] Heap_lock - owner thread: 0x00000254deade800

Heap address: 0x0000000700c00000, size: 4084 MB, Compressed Oops mode: Non-zero based: 0x0000000700c00000
Narrow klass base: 0x0000000000000000, Narrow klass shift: 0

GC Heap History (0 events):
No events

Deoptimization events (0 events):
No events

Classes redefined (0 events):
No events

Internal exceptions (0 events):
No events

Events (1 events):
Event: 0.011 Loaded shared library E:\Android\androidStudio3\jre\bin\zip.dll


Dynamic libraries:
0x00007ff68b6b0000 - 0x00007ff68b6ba000 	E:\Android\androidStudio3\jre\bin\java.exe
0x00007ffa64c60000 - 0x00007ffa64e50000 	C:\Windows\SYSTEM32\ntdll.dll
0x00007ffa63910000 - 0x00007ffa639c2000 	C:\Windows\System32\KERNEL32.DLL
0x00007ffa61bf0000 - 0x00007ffa61e93000 	C:\Windows\System32\KERNELBASE.dll
0x00007ffa61fd0000 - 0x00007ffa620ca000 	C:\Windows\System32\ucrtbase.dll
0x00007ffa37a70000 - 0x00007ffa37a87000 	E:\Android\androidStudio3\jre\bin\VCRUNTIME140.dll
0x00007ffa39220000 - 0x00007ffa39239000 	E:\Android\androidStudio3\jre\bin\jli.dll
0x00007ffa63fd0000 - 0x00007ffa64164000 	C:\Windows\System32\USER32.dll
0x00007ffa62270000 - 0x00007ffa62291000 	C:\Windows\System32\win32u.dll
0x00007ffa5c070000 - 0x00007ffa5c2f5000 	C:\Windows\WinSxS\amd64_microsoft.windows.common-controls_6595b64144ccf1df_6.0.18362.592_none_e6c0b1911312be02\COMCTL32.dll
0x00007ffa64860000 - 0x00007ffa64886000 	C:\Windows\System32\GDI32.dll
0x00007ffa620d0000 - 0x00007ffa62264000 	C:\Windows\System32\gdi32full.dll
0x00007ffa64a60000 - 0x00007ffa64afe000 	C:\Windows\System32\msvcrt.dll
0x00007ffa622a0000 - 0x00007ffa6233e000 	C:\Windows\System32\msvcp_win.dll
0x00007ffa62fa0000 - 0x00007ffa632d6000 	C:\Windows\System32\combase.dll
0x00007ffa64b00000 - 0x00007ffa64c20000 	C:\Windows\System32\RPCRT4.dll
0x00007ffa61f50000 - 0x00007ffa61fd0000 	C:\Windows\System32\bcryptPrimitives.dll
0x00007ffa649c0000 - 0x00007ffa649ee000 	C:\Windows\System32\IMM32.DLL
0x00007ffa30910000 - 0x00007ffa309ad000 	E:\Android\androidStudio3\jre\bin\msvcp140.dll
0x00007ffa25410000 - 0x00007ffa25edf000 	E:\Android\androidStudio3\jre\bin\server\jvm.dll
0x00007ffa63f20000 - 0x00007ffa63fc3000 	C:\Windows\System32\ADVAPI32.dll
0x00007ffa63e60000 - 0x00007ffa63ef7000 	C:\Windows\System32\sechost.dll
0x00007ffa63770000 - 0x00007ffa63778000 	C:\Windows\System32\PSAPI.DLL
0x00007ffa4abd0000 - 0x00007ffa4abd9000 	C:\Windows\SYSTEM32\WSOCK32.dll
0x00007ffa5cb00000 - 0x00007ffa5cb0a000 	C:\Windows\SYSTEM32\VERSION.dll
0x00007ffa5a140000 - 0x00007ffa5a164000 	C:\Windows\SYSTEM32\WINMM.dll
0x00007ffa649f0000 - 0x00007ffa64a5f000 	C:\Windows\System32\WS2_32.dll
0x00007ffa5a110000 - 0x00007ffa5a13d000 	C:\Windows\SYSTEM32\WINMMBASE.dll
0x00007ffa62b20000 - 0x00007ffa62b6a000 	C:\Windows\System32\cfgmgr32.dll
0x00007ffa61b90000 - 0x00007ffa61ba1000 	C:\Windows\System32\kernel.appcore.dll
0x00007ffa5ce20000 - 0x00007ffa5ce31000 	E:\Android\androidStudio3\jre\bin\verify.dll
0x00007ffa60290000 - 0x00007ffa60484000 	C:\Windows\SYSTEM32\DBGHELP.DLL
0x00007ffa4cdc0000 - 0x00007ffa4cdea000 	C:\Windows\SYSTEM32\dbgcore.DLL
0x00007ffa5cd20000 - 0x00007ffa5cd49000 	E:\Android\androidStudio3\jre\bin\java.dll
0x00007ffa5d100000 - 0x00007ffa5d10b000 	E:\Android\androidStudio3\jre\bin\jimage.dll
0x00007ffa5a950000 - 0x00007ffa5a968000 	E:\Android\androidStudio3\jre\bin\zip.dll

dbghelp: loaded successfully - version: 4.0.5 - missing functions: none
symbol engine: initialized successfully - sym options: 0x614 - pdb path: .;E:\Android\androidStudio3\jre\bin;C:\Windows\SYSTEM32;C:\Windows\WinSxS\amd64_microsoft.windows.common-controls_6595b64144ccf1df_6.0.18362.592_none_e6c0b1911312be02;E:\Android\androidStudio3\jre\bin\server

VM Arguments:
java_command: org.jetbrains.kotlin.cli.jvm.K2JVMCompiler @G:\AndroidStudioProjects\MyBehavior\app\build\20220102_10099676007124920713.compiler.options
java_class_path (initial): E:\Android\gradle\caches\modules-2\files-2.1\org.jetbrains.kotlin\kotlin-compiler-embeddable\1.6.10\88f2073f4020cdb83132cfe940ceb9a60aba54ea\kotlin-compiler-embeddable-1.6.10.jar;E:\Android\gradle\caches\modules-2\files-2.1\org.jetbrains.kotlin\kotlin-reflect\1.6.10\1cbe9c92c12a94eea200d23c2bbaedaf3daf5132\kotlin-reflect-1.6.10.jar;E:\Android\gradle\caches\modules-2\files-2.1\org.jetbrains.kotlin\kotlin-stdlib\1.6.10\b8af3fe6f1ca88526914929add63cf5e7c5049af\kotlin-stdlib-1.6.10.jar;E:\Android\gradle\caches\modules-2\files-2.1\org.jetbrains.kotlin\kotlin-script-runtime\1.6.10\d0a7ff2e2500ef497ed0214ae40ad3c8387a6164\kotlin-script-runtime-1.6.10.jar;E:\Android\gradle\caches\modules-2\files-2.1\org.jetbrains.kotlin\kotlin-daemon-embeddable\1.6.10\a56d79bcbea411fa6058e4ecffc2de73e742bd2a\kotlin-daemon-embeddable-1.6.10.jar;E:\Android\gradle\caches\modules-2\files-2.1\org.jetbrains.intellij.deps\trove4j\1.0.20181211\216c2e14b070f334479d800987affe4054cd563f\trove4j-1.0.20181211.jar;E:\Android\gradle\caches\modules-2\files-2.1\net.java.dev.jna\jna\5.6.0\330f2244e9030119ab3030fc3fededc86713d9cc\jna-5.6.0.jar;E:\Android\gradle\caches\modules-2\files-2.1\org.jetbrains\annotations\13.0\919f0dfe192fb4e063e7dacadee7f8bb9a2672a9\annotations-13.0.jar;E:\Android\gradle\caches\modules-2\files-2.1\org.jetbrains.kotlin\kotlin-stdlib-common\1.6.10\c118700e3a33c8a0d9adc920e9dec0831171925\kotlin-stdlib-common-1.6.10.jar
Launcher Type: SUN_STANDARD

[Global flags]
     intx CICompilerCount                          = 4                                         {product} {ergonomic}
     uint ConcGCThreads                            = 3                                         {product} {ergonomic}
     uint G1ConcRefinementThreads                  = 10                                        {product} {ergonomic}
   size_t G1HeapRegionSize                         = 1048576                                   {product} {ergonomic}
    uintx GCDrainStackTargetSize                   = 64                                        {product} {ergonomic}
   size_t InitialHeapSize                          = 268435456                                 {product} {ergonomic}
   size_t MarkStackSize                            = 4194304                                   {product} {ergonomic}
   size_t MaxHeapSize                              = 4282384384                                {product} {ergonomic}
   size_t MinHeapDeltaBytes                        = 1048576                                   {product} {ergonomic}
    uintx NonNMethodCodeHeapSize                   = 5836300                                {pd product} {ergonomic}
    uintx NonProfiledCodeHeapSize                  = 122910970                              {pd product} {ergonomic}
    uintx ProfiledCodeHeapSize                     = 122910970                              {pd product} {ergonomic}
    uintx ReservedCodeCacheSize                    = 251658240                              {pd product} {ergonomic}
     bool SegmentedCodeCache                       = true                                      {product} {ergonomic}
     bool UseCompressedClassPointers               = true                                 {lp64_product} {ergonomic}
     bool UseCompressedOops                        = true                                 {lp64_product} {ergonomic}
     bool UseG1GC                                  = true                                      {product} {ergonomic}
     bool UseLargePagesIndividualAllocation        = false                                  {pd product} {ergonomic}

Logging:
Log output configuration:
 #0: stdout all=warning uptime,level,tags
 #1: stderr all=off uptime,level,tags

Environment Variables:
JAVA_HOME=C:\Program Files\Java\jdk1.8.0_291
CLASSPATH=.;C:\Program Files\Java\jdk1.8.0_291\lib\dt.jar;C:\Program Files\Java\jdk1.8.0_291\lib\tools.jar 
PATH=E:\1√¸¡Ó◊¿√Ê;E:\Android\flutter_windows_2.0.1-stable\flutter\bin;C:\Windows;C:\Windows\System32\Wbem;C:\Windows\System32\WindowsPowerShell\v1.0\;C:\Windows\System32\OpenSSH\;C:\Users\13967\AppData\Local\Programs\Python\Python37;C:\ProgramData\chocolatey\bin;C:\Program Files (x86)\NVIDIA Corporation\PhysX\Common;E:\Android\gradle\bin;C:\Program Files (x86)\QuickTime\QTSystem\;G:\Linux\LxRunOffline-v3.5.0-mingw;E:\Android\SDK\platform-tools;E:\Git\cmd;E:\Git\bin;E:\Android\maven\apache-maven-3.3.9-bin\apache-maven-3.3.9\bin;E:\Android\gradle\bin;E:\Android\Tool-master;C:\cygwin64\bin;C:\Program Files\koltin\kotlin-compiler-1.4.32\kotlinc\bin;C:\Program Files\Java\jdk1.8.0_291\bin;C:\Program Files\Java\jdk1.8.0_291\jre\bin;E:\mysql-8.0.24-winx64\mysql-8.0.24-winx64\bin;E:\SSH\;E:\apache-tomcat-10.0.6\bin;E:\Android\SDK\platform-tools;E:\Android\gradle\wrapper\dists\gradle-7.1.1-bin\f29rtwfnc96ub43tt7p47zsru\gradle-7.1.1\bin;E:\Android\gradle\nodejs\node-v12.16.1-win-x64;E:\Android\SDK\tools;E:\Android\gradle\nodejs\node-v12.16.1-win-x64\node_modules\hexo\bin;E:\Android\gradle\nodejs\node-v12.16.1-win-x64\node_modules\n\bin;C:\Python27;C:\Program Files\python-3.9.6-embed-amd64\pip-21.2.1\pip-21.2.1;C:\Program Files\Intel\WiFi\bin\;C:\Program Files\Common Files\Intel\WirelessCommon\;E:\Android\SDK\tools\bin;G:\Android∑¥±‡“Î\dex2jar-2.0\dex2jar-2.0;E:\Microsoft Visual Studio\2022\VC\Auxiliary\Build;E:\PotPlayer_20190712\PotPlayer;D:\“Ù¿÷\∞≤æ≤;C:\Windows\System32;C:\Users\13967\AppData\Local\Microsoft\WindowsApps;C:\Users\13967\AppData\Local\GitHubDesktop\bin;E:\mitmproxy\bin;C:\Program Files\Intel\WiFi\bin\;C:\Program Files\Common Files\Intel\WirelessCommon\;C:\ProgramData\13967\GitHubDesktop\bin
USERNAME=13967
OS=Windows_NT
PROCESSOR_IDENTIFIER=AMD64 Family 23 Model 113 Stepping 0, AuthenticAMD



---------------  S Y S T E M  ---------------

OS: Windows 10 , 64 bit Build 18362 (10.0.18362.329)
OS uptime: 9 days 5:29 hours

CPU:total 12 (initial active 12) (12 cores per cpu, 2 threads per core) family 23 model 113 stepping 0 microcode 0x0, cmov, cx8, fxsr, mmx, sse, sse2, sse3, ssse3, sse4.1, sse4.2, popcnt, avx, avx2, aes, clmul, mmxext, 3dnowpref, lzcnt, sse4a, ht, tsc, tscinvbit, tscinv, bmi1, bmi2, adx,

Memory: 4k page, system-wide physical 16333M (4657M free)
TotalPageFile size 22989M (AvailPageFile size 92M)
current process WorkingSet (physical memory assigned to process): 10M, peak: 10M
current process commit charge ("private bytes"): 64M, peak: 320M

vm_info: OpenJDK 64-Bit Server VM (11.0.10+0-b96-7249189) for windows-amd64 JRE (11.0.10+0-b96-7249189), built on Mar 31 2021 21:44:00 by "builder" with MS VC++ 14.0 (VS2015)

END.
